<?xml version="1.0" encoding="UTF-8"?>
<robot generator="Robot 5.0.1 (Python 3.9.13 on darwin)" generated="20230622 14:48:34.395" rpa="true" schemaversion="3">
<suite id="s1" name="Tasks" source="/Users/mthisgaard/code/test/rpa-practice/my-rsb-robot/tasks.robot">
<test id="s1-t1" name="Insert the sales data for the week and export it as a PDF" line="6">
<kw name="Log" library="BuiltIn">
<arg>Done.</arg>
<doc>Logs the given message with the given level.</doc>
<msg timestamp="20230622 14:48:34.423" level="INFO">Done.</msg>
<status status="PASS" starttime="20230622 14:48:34.423" endtime="20230622 14:48:34.425"/>
</kw>
<status status="PASS" starttime="20230622 14:48:34.422" endtime="20230622 14:48:34.427"/>
</test>
<doc>Insert the sales data for the week and export it as a PDF</doc>
<status status="PASS" starttime="20230622 14:48:34.399" endtime="20230622 14:48:34.428"/>
</suite>
<statistics>
<total>
<stat pass="1" fail="0" skip="0">All Tasks</stat>
</total>
<tag>
</tag>
<suite>
<stat pass="1" fail="0" skip="0" id="s1" name="Tasks">Tasks</stat>
</suite>
</statistics>
<errors>
</errors>
</robot>
